2026-05-16 00:53:08.293 [info] Reading sessions from keychain...
2026-05-16 00:53:08.293 [info] Getting sessions for all scopes...
2026-05-16 00:53:08.446 [info] Got 0 sessions for ...
2026-05-16 00:53:08.447 [info] Getting sessions for all scopes...
2026-05-16 00:53:08.447 [info] Got 0 sessions for ...
2026-05-16 00:53:08.447 [info] Getting sessions for all scopes...
2026-05-16 00:53:08.447 [info] Got 0 sessions for ...
2026-05-16 00:53:08.578 [info] Getting sessions for all scopes...
2026-05-16 00:53:08.597 [info] Got 0 sessions for ...
2026-05-16 00:53:10.932 [info] Getting sessions for all scopes...
2026-05-16 00:53:10.933 [info] Got 0 sessions for ...
2026-05-16 00:53:38.990 [info] Getting sessions for all scopes...
2026-05-16 00:53:38.990 [info] Got 0 sessions for ...
2026-05-16 00:53:38.990 [info] Getting sessions for all scopes...
2026-05-16 00:53:38.990 [info] Got 0 sessions for ...
2026-05-16 00:53:39.133 [info] Getting sessions for user:email...
2026-05-16 00:53:39.133 [info] Got 0 sessions for user:email...
2026-05-16 00:53:39.134 [info] Getting sessions for read:user,repo,user:email,workflow...
2026-05-16 00:53:39.134 [info] Got 0 sessions for read:user,repo,user:email,workflow...
2026-05-16 00:53:41.022 [info] Getting sessions for all scopes...
2026-05-16 00:53:41.022 [info] Got 0 sessions for ...
2026-05-16 00:53:41.022 [info] Getting sessions for all scopes...
2026-05-16 00:53:41.022 [info] Got 0 sessions for ...
2026-05-16 00:53:41.023 [info] Getting sessions for all scopes...
2026-05-16 00:53:41.023 [info] Got 0 sessions for ...
2026-05-16 00:53:41.081 [info] Getting sessions for user:email...
2026-05-16 00:53:41.081 [info] Got 0 sessions for user:email...
2026-05-16 00:53:41.082 [info] Getting sessions for read:user,repo,user:email,workflow...
2026-05-16 00:53:41.082 [info] Got 0 sessions for read:user,repo,user:email,workflow...
2026-05-16 00:53:41.171 [info] Getting sessions for all scopes...
2026-05-16 00:53:41.171 [info] Got 0 sessions for ...
2026-05-16 00:53:41.173 [info] Getting sessions for read:user,repo,user:email,workflow...
2026-05-16 00:53:41.173 [info] Got 0 sessions for read:user,repo,user:email,workflow...
2026-05-16 00:54:20.187 [info] Getting sessions for all scopes...
2026-05-16 00:54:20.187 [info] Got 0 sessions for ...
2026-05-16 00:54:20.213 [info] Getting sessions for user:email...
2026-05-16 00:54:20.213 [info] Got 0 sessions for user:email...
2026-05-16 00:54:34.669 [info] Getting sessions for all scopes...
2026-05-16 00:54:34.669 [info] Got 0 sessions for ...
2026-05-16 00:54:34.676 [info] Getting sessions for user:email...
2026-05-16 00:54:34.676 [info] Got 0 sessions for user:email...
