2026-05-16 00:53:08.851 [info] Reading sessions from keychain...
2026-05-16 00:53:08.851 [info] Getting sessions for all scopes...
2026-05-16 00:53:08.959 [info] Got 0 sessions for ...
2026-05-16 00:53:08.959 [info] Getting sessions for all scopes...
2026-05-16 00:53:08.960 [info] Got 0 sessions for ...
2026-05-16 00:53:08.960 [info] Getting sessions for all scopes...
2026-05-16 00:53:08.960 [info] Got 0 sessions for ...
2026-05-16 00:53:09.096 [info] Getting sessions for all scopes...
2026-05-16 00:53:09.097 [info] Got 0 sessions for ...
2026-05-16 00:53:10.047 [info] Getting sessions for all scopes...
2026-05-16 00:53:10.047 [info] Got 0 sessions for ...
2026-05-16 00:53:11.842 [info] Logging in with google,  'any' account...
2026-05-16 00:53:11.842 [info] Logging in for the following scopes: read:user repo user:email workflow
2026-05-16 00:53:12.125 [info] Trying with local server... (read:user repo user:email workflow)
2026-05-16 00:53:19.956 [info] Exchanging code for token...
2026-05-16 00:53:20.397 [info] Token exchange success!
2026-05-16 00:53:20.401 [info] Getting user info...
2026-05-16 00:53:20.918 [info] Got account info!
2026-05-16 00:53:20.919 [info] Storing 1 sessions...
2026-05-16 00:53:22.021 [info] FetcherService: Node fetch failed with status: 429 Too Many Requests
2026-05-16 00:53:22.021 [info] Unable to resolve optional EDU details. Status: 429 Too Many Requests
2026-05-16 00:53:29.996 [info] Reading sessions from keychain...
2026-05-16 00:53:29.996 [info] Stored 1 sessions!
2026-05-16 00:53:29.997 [info] Login success!
2026-05-16 00:53:29.999 [info] Got stored sessions!
2026-05-16 00:53:30.000 [info] Got 1 verified sessions.
2026-05-16 00:53:30.103 [info] Getting sessions for all scopes...
2026-05-16 00:53:30.103 [info] Got 1 sessions for ...
2026-05-16 00:53:30.104 [info] Getting sessions for all scopes...
2026-05-16 00:53:30.104 [info] Got 1 sessions for ...
2026-05-16 00:53:37.657 [info] Getting sessions for all scopes...
2026-05-16 00:53:37.657 [info] Got 1 sessions for ...
2026-05-16 00:53:37.658 [info] Getting sessions for all scopes...
2026-05-16 00:53:37.658 [info] Got 1 sessions for ...
2026-05-16 00:53:37.791 [info] Getting sessions for read:user,repo,user:email,workflow...
2026-05-16 00:53:37.792 [info] Got 1 sessions for read:user,repo,user:email,workflow...
2026-05-16 00:53:37.879 [info] Getting sessions for all scopes...
2026-05-16 00:53:37.879 [info] Got 1 sessions for ...
2026-05-16 00:53:37.885 [info] Getting sessions for read:user,repo,user:email,workflow...
2026-05-16 00:53:37.885 [info] Got 1 sessions for read:user,repo,user:email,workflow...
2026-05-16 00:53:38.332 [info] Getting sessions for all scopes...
2026-05-16 00:53:38.332 [info] Got 1 sessions for ...
2026-05-16 00:53:38.333 [info] Getting sessions for all scopes...
2026-05-16 00:53:38.333 [info] Got 1 sessions for ...
2026-05-16 00:53:38.729 [info] Getting sessions for read:user,repo,user:email,workflow...
2026-05-16 00:53:38.729 [info] Got 1 sessions for read:user,repo,user:email,workflow...
2026-05-16 00:53:39.044 [info] Getting sessions for all scopes...
2026-05-16 00:53:39.044 [info] Got 1 sessions for ...
2026-05-16 00:53:39.048 [info] Getting sessions for all scopes...
2026-05-16 00:53:39.048 [info] Got 1 sessions for ...
2026-05-16 00:53:39.089 [info] Getting sessions for read:user,repo,user:email,workflow...
2026-05-16 00:53:39.089 [info] Got 1 sessions for read:user,repo,user:email,workflow...
2026-05-16 00:53:39.101 [info] Getting sessions for all scopes...
2026-05-16 00:53:39.101 [info] Got 1 sessions for ...
2026-05-16 00:53:39.108 [info] Getting sessions for all scopes...
2026-05-16 00:53:39.108 [info] Got 1 sessions for ...
2026-05-16 00:53:40.874 [info] Getting sessions for all scopes...
2026-05-16 00:53:40.875 [info] Got 1 sessions for ...
2026-05-16 00:53:40.926 [info] Getting sessions for read:user,repo,user:email,workflow...
2026-05-16 00:53:40.926 [info] Got 1 sessions for read:user,repo,user:email,workflow...
2026-05-16 00:56:54.893 [info] Getting sessions for all scopes...
2026-05-16 00:56:54.893 [info] Got 1 sessions for ...
2026-05-16 00:56:54.904 [info] Getting sessions for all scopes...
2026-05-16 00:56:54.904 [info] Got 1 sessions for ...
2026-05-16 01:48:40.595 [info] Getting sessions for all scopes...
2026-05-16 01:48:40.598 [info] Got 1 sessions for ...
2026-05-16 01:48:40.604 [info] Getting sessions for read:user,repo,user:email,workflow...
2026-05-16 01:48:40.604 [info] Got 1 sessions for read:user,repo,user:email,workflow...
2026-05-16 01:48:41.311 [info] Getting sessions for all scopes...
2026-05-16 01:48:41.311 [info] Got 1 sessions for ...
2026-05-16 01:48:41.312 [info] Getting sessions for all scopes...
2026-05-16 01:48:41.312 [info] Got 1 sessions for ...
2026-05-16 01:48:41.318 [info] Getting sessions for read:user,repo,user:email,workflow...
2026-05-16 01:48:41.318 [info] Got 1 sessions for read:user,repo,user:email,workflow...
2026-05-16 01:48:41.388 [info] Getting sessions for all scopes...
2026-05-16 01:48:41.388 [info] Got 1 sessions for ...
2026-05-16 01:48:41.435 [info] Getting sessions for all scopes...
2026-05-16 01:48:41.435 [info] Got 1 sessions for ...
2026-05-16 01:48:41.437 [info] Getting sessions for read:user,repo,user:email,workflow...
2026-05-16 01:48:41.437 [info] Got 1 sessions for read:user,repo,user:email,workflow...
2026-05-16 01:48:41.843 [info] Getting sessions for all scopes...
2026-05-16 01:48:41.843 [info] Got 1 sessions for ...
2026-05-16 01:48:41.846 [info] Getting sessions for read:user,repo,user:email,workflow...
2026-05-16 01:48:41.846 [info] Got 1 sessions for read:user,repo,user:email,workflow...
2026-05-16 02:44:42.019 [info] Getting sessions for all scopes...
2026-05-16 02:44:42.028 [info] Got 1 sessions for ...
2026-05-16 02:44:42.112 [info] Getting sessions for read:user,repo,user:email,workflow...
2026-05-16 02:44:42.119 [info] Got 1 sessions for read:user,repo,user:email,workflow...
2026-05-16 02:44:44.384 [info] Getting sessions for all scopes...
2026-05-16 02:44:44.384 [info] Got 1 sessions for ...
2026-05-16 02:44:44.385 [info] Getting sessions for all scopes...
2026-05-16 02:44:44.385 [info] Got 1 sessions for ...
2026-05-16 02:44:44.474 [info] Getting sessions for read:user,repo,user:email,workflow...
2026-05-16 02:44:44.474 [info] Got 1 sessions for read:user,repo,user:email,workflow...
2026-05-16 02:44:45.370 [info] Getting sessions for all scopes...
2026-05-16 02:44:45.370 [info] Got 1 sessions for ...
2026-05-16 02:44:45.928 [info] Getting sessions for all scopes...
2026-05-16 02:44:45.928 [info] Got 1 sessions for ...
2026-05-16 02:44:47.265 [info] Getting sessions for read:user,repo,user:email,workflow...
2026-05-16 02:44:47.265 [info] Got 1 sessions for read:user,repo,user:email,workflow...
2026-05-16 03:40:44.369 [info] Getting sessions for all scopes...
2026-05-16 03:40:44.376 [info] Got 1 sessions for ...
2026-05-16 03:40:44.400 [info] Getting sessions for read:user,repo,user:email,workflow...
2026-05-16 03:40:44.402 [info] Got 1 sessions for read:user,repo,user:email,workflow...
2026-05-16 03:40:45.341 [info] Getting sessions for all scopes...
2026-05-16 03:40:45.341 [info] Got 1 sessions for ...
2026-05-16 03:40:45.341 [info] Getting sessions for all scopes...
2026-05-16 03:40:45.341 [info] Got 1 sessions for ...
2026-05-16 03:40:45.355 [info] Getting sessions for read:user,repo,user:email,workflow...
2026-05-16 03:40:45.355 [info] Got 1 sessions for read:user,repo,user:email,workflow...
2026-05-16 03:40:45.472 [info] Getting sessions for all scopes...
2026-05-16 03:40:45.472 [info] Got 1 sessions for ...
2026-05-16 03:40:45.596 [info] Getting sessions for all scopes...
2026-05-16 03:40:45.596 [info] Got 1 sessions for ...
2026-05-16 03:40:45.691 [info] Getting sessions for read:user,repo,user:email,workflow...
2026-05-16 03:40:45.691 [info] Got 1 sessions for read:user,repo,user:email,workflow...
2026-05-16 03:40:45.927 [info] Getting sessions for all scopes...
2026-05-16 03:40:45.927 [info] Got 1 sessions for ...
2026-05-16 03:40:45.932 [info] Getting sessions for read:user,repo,user:email,workflow...
2026-05-16 03:40:45.932 [info] Got 1 sessions for read:user,repo,user:email,workflow...
2026-05-16 04:36:31.834 [info] Getting sessions for all scopes...
2026-05-16 04:36:31.839 [info] Got 1 sessions for ...
2026-05-16 04:36:31.852 [info] Getting sessions for read:user,repo,user:email,workflow...
2026-05-16 04:36:31.854 [info] Got 1 sessions for read:user,repo,user:email,workflow...
2026-05-16 04:36:32.581 [info] Getting sessions for all scopes...
2026-05-16 04:36:32.581 [info] Got 1 sessions for ...
2026-05-16 04:36:32.581 [info] Getting sessions for all scopes...
2026-05-16 04:36:32.581 [info] Got 1 sessions for ...
2026-05-16 04:36:32.592 [info] Getting sessions for read:user,repo,user:email,workflow...
2026-05-16 04:36:32.592 [info] Got 1 sessions for read:user,repo,user:email,workflow...
2026-05-16 04:36:32.737 [info] Getting sessions for all scopes...
2026-05-16 04:36:32.737 [info] Got 1 sessions for ...
2026-05-16 04:36:33.008 [info] Getting sessions for all scopes...
2026-05-16 04:36:33.008 [info] Got 1 sessions for ...
2026-05-16 04:36:33.131 [info] Getting sessions for read:user,repo,user:email,workflow...
2026-05-16 04:36:33.131 [info] Got 1 sessions for read:user,repo,user:email,workflow...
2026-05-16 04:36:33.465 [info] Getting sessions for all scopes...
2026-05-16 04:36:33.465 [info] Got 1 sessions for ...
2026-05-16 04:36:33.470 [info] Getting sessions for read:user,repo,user:email,workflow...
2026-05-16 04:36:33.470 [info] Got 1 sessions for read:user,repo,user:email,workflow...
2026-05-16 05:32:32.795 [info] Getting sessions for all scopes...
2026-05-16 05:32:32.797 [info] Got 1 sessions for ...
2026-05-16 05:32:32.808 [info] Getting sessions for read:user,repo,user:email,workflow...
2026-05-16 05:32:32.811 [info] Got 1 sessions for read:user,repo,user:email,workflow...
2026-05-16 05:32:33.610 [info] Getting sessions for all scopes...
2026-05-16 05:32:33.610 [info] Got 1 sessions for ...
2026-05-16 05:32:33.611 [info] Getting sessions for all scopes...
2026-05-16 05:32:33.611 [info] Got 1 sessions for ...
2026-05-16 05:32:33.625 [info] Getting sessions for read:user,repo,user:email,workflow...
2026-05-16 05:32:33.625 [info] Got 1 sessions for read:user,repo,user:email,workflow...
2026-05-16 05:32:33.792 [info] Getting sessions for all scopes...
2026-05-16 05:32:33.792 [info] Got 1 sessions for ...
2026-05-16 05:32:33.799 [info] Getting sessions for all scopes...
2026-05-16 05:32:33.799 [info] Got 1 sessions for ...
2026-05-16 05:32:33.831 [info] Getting sessions for read:user,repo,user:email,workflow...
2026-05-16 05:32:33.831 [info] Got 1 sessions for read:user,repo,user:email,workflow...
2026-05-16 05:32:34.186 [info] Getting sessions for all scopes...
2026-05-16 05:32:34.186 [info] Got 1 sessions for ...
2026-05-16 05:32:34.188 [info] Getting sessions for read:user,repo,user:email,workflow...
2026-05-16 05:32:34.188 [info] Got 1 sessions for read:user,repo,user:email,workflow...
2026-05-16 06:27:34.052 [info] Getting sessions for all scopes...
2026-05-16 06:27:34.055 [info] Got 1 sessions for ...
2026-05-16 06:27:34.059 [info] Getting sessions for read:user,repo,user:email,workflow...
2026-05-16 06:27:34.059 [info] Got 1 sessions for read:user,repo,user:email,workflow...
2026-05-16 06:27:34.633 [info] Getting sessions for all scopes...
2026-05-16 06:27:34.633 [info] Got 1 sessions for ...
2026-05-16 06:27:34.633 [info] Getting sessions for all scopes...
2026-05-16 06:27:34.633 [info] Got 1 sessions for ...
2026-05-16 06:27:34.636 [info] Getting sessions for read:user,repo,user:email,workflow...
2026-05-16 06:27:34.636 [info] Got 1 sessions for read:user,repo,user:email,workflow...
2026-05-16 06:27:34.667 [info] Getting sessions for all scopes...
2026-05-16 06:27:34.667 [info] Got 1 sessions for ...
2026-05-16 06:27:34.669 [info] Getting sessions for all scopes...
2026-05-16 06:27:34.669 [info] Got 1 sessions for ...
2026-05-16 06:27:34.684 [info] Getting sessions for read:user,repo,user:email,workflow...
2026-05-16 06:27:34.684 [info] Got 1 sessions for read:user,repo,user:email,workflow...
2026-05-16 06:27:35.159 [info] Getting sessions for all scopes...
2026-05-16 06:27:35.159 [info] Got 1 sessions for ...
2026-05-16 06:27:35.172 [info] Getting sessions for read:user,repo,user:email,workflow...
2026-05-16 06:27:35.172 [info] Got 1 sessions for read:user,repo,user:email,workflow...
2026-05-16 07:22:35.151 [info] Getting sessions for all scopes...
2026-05-16 07:22:35.157 [info] Got 1 sessions for ...
2026-05-16 07:22:35.165 [info] Getting sessions for read:user,repo,user:email,workflow...
2026-05-16 07:22:35.166 [info] Got 1 sessions for read:user,repo,user:email,workflow...
2026-05-16 07:22:35.868 [info] Getting sessions for all scopes...
2026-05-16 07:22:35.868 [info] Got 1 sessions for ...
2026-05-16 07:22:35.868 [info] Getting sessions for all scopes...
2026-05-16 07:22:35.868 [info] Got 1 sessions for ...
2026-05-16 07:22:35.876 [info] Getting sessions for read:user,repo,user:email,workflow...
2026-05-16 07:22:35.876 [info] Got 1 sessions for read:user,repo,user:email,workflow...
2026-05-16 07:22:36.007 [info] Getting sessions for all scopes...
2026-05-16 07:22:36.007 [info] Got 1 sessions for ...
2026-05-16 07:22:36.020 [info] Getting sessions for all scopes...
2026-05-16 07:22:36.020 [info] Got 1 sessions for ...
2026-05-16 07:22:36.133 [info] Getting sessions for read:user,repo,user:email,workflow...
2026-05-16 07:22:36.133 [info] Got 1 sessions for read:user,repo,user:email,workflow...
2026-05-16 07:22:36.448 [info] Getting sessions for all scopes...
2026-05-16 07:22:36.448 [info] Got 1 sessions for ...
2026-05-16 07:22:36.453 [info] Getting sessions for read:user,repo,user:email,workflow...
2026-05-16 07:22:36.453 [info] Got 1 sessions for read:user,repo,user:email,workflow...
2026-05-16 08:18:36.357 [info] Getting sessions for all scopes...
2026-05-16 08:18:36.361 [info] Got 1 sessions for ...
2026-05-16 08:18:36.370 [info] Getting sessions for read:user,repo,user:email,workflow...
2026-05-16 08:18:36.370 [info] Got 1 sessions for read:user,repo,user:email,workflow...
2026-05-16 08:18:37.084 [info] Getting sessions for all scopes...
2026-05-16 08:18:37.084 [info] Got 1 sessions for ...
2026-05-16 08:18:37.085 [info] Getting sessions for all scopes...
2026-05-16 08:18:37.085 [info] Got 1 sessions for ...
2026-05-16 08:18:37.097 [info] Getting sessions for read:user,repo,user:email,workflow...
2026-05-16 08:18:37.097 [info] Got 1 sessions for read:user,repo,user:email,workflow...
2026-05-16 08:18:37.244 [info] Getting sessions for all scopes...
2026-05-16 08:18:37.244 [info] Got 1 sessions for ...
2026-05-16 08:18:37.249 [info] Getting sessions for all scopes...
2026-05-16 08:18:37.249 [info] Got 1 sessions for ...
2026-05-16 08:18:37.273 [info] Getting sessions for read:user,repo,user:email,workflow...
2026-05-16 08:18:37.273 [info] Got 1 sessions for read:user,repo,user:email,workflow...
2026-05-16 08:18:37.668 [info] Getting sessions for all scopes...
2026-05-16 08:18:37.668 [info] Got 1 sessions for ...
2026-05-16 08:18:37.671 [info] Getting sessions for read:user,repo,user:email,workflow...
2026-05-16 08:18:37.671 [info] Got 1 sessions for read:user,repo,user:email,workflow...
2026-05-16 09:13:37.593 [info] Getting sessions for all scopes...
2026-05-16 09:13:37.607 [info] Got 1 sessions for ...
2026-05-16 09:13:37.635 [info] Getting sessions for read:user,repo,user:email,workflow...
2026-05-16 09:13:37.638 [info] Got 1 sessions for read:user,repo,user:email,workflow...
2026-05-16 09:13:38.889 [info] Getting sessions for all scopes...
2026-05-16 09:13:38.889 [info] Got 1 sessions for ...
2026-05-16 09:13:38.890 [info] Getting sessions for all scopes...
2026-05-16 09:13:38.890 [info] Got 1 sessions for ...
2026-05-16 09:13:38.912 [info] Getting sessions for read:user,repo,user:email,workflow...
2026-05-16 09:13:38.913 [info] Got 1 sessions for read:user,repo,user:email,workflow...
2026-05-16 09:13:39.255 [info] Getting sessions for all scopes...
2026-05-16 09:13:39.255 [info] Got 1 sessions for ...
2026-05-16 09:13:39.375 [info] Getting sessions for all scopes...
2026-05-16 09:13:39.375 [info] Got 1 sessions for ...
2026-05-16 09:13:39.813 [info] Getting sessions for read:user,repo,user:email,workflow...
2026-05-16 09:13:39.813 [info] Got 1 sessions for read:user,repo,user:email,workflow...
2026-05-16 10:09:39.229 [info] Getting sessions for all scopes...
2026-05-16 10:09:39.232 [info] Got 1 sessions for ...
2026-05-16 10:09:39.251 [info] Getting sessions for read:user,repo,user:email,workflow...
2026-05-16 10:09:39.253 [info] Got 1 sessions for read:user,repo,user:email,workflow...
2026-05-16 10:09:40.245 [info] Getting sessions for all scopes...
2026-05-16 10:09:40.245 [info] Got 1 sessions for ...
2026-05-16 10:09:40.246 [info] Getting sessions for all scopes...
2026-05-16 10:09:40.246 [info] Got 1 sessions for ...
2026-05-16 10:09:40.266 [info] Getting sessions for read:user,repo,user:email,workflow...
2026-05-16 10:09:40.266 [info] Got 1 sessions for read:user,repo,user:email,workflow...
2026-05-16 10:09:40.537 [info] Getting sessions for all scopes...
2026-05-16 10:09:40.537 [info] Got 1 sessions for ...
2026-05-16 10:09:40.549 [info] Getting sessions for all scopes...
2026-05-16 10:09:40.549 [info] Got 1 sessions for ...
2026-05-16 10:09:40.668 [info] Getting sessions for read:user,repo,user:email,workflow...
2026-05-16 10:09:40.668 [info] Got 1 sessions for read:user,repo,user:email,workflow...
2026-05-16 10:09:40.930 [info] Getting sessions for all scopes...
2026-05-16 10:09:40.930 [info] Got 1 sessions for ...
2026-05-16 10:09:40.934 [info] Getting sessions for read:user,repo,user:email,workflow...
2026-05-16 10:09:40.934 [info] Got 1 sessions for read:user,repo,user:email,workflow...
2026-05-16 11:04:40.431 [info] Getting sessions for all scopes...
2026-05-16 11:04:40.433 [info] Got 1 sessions for ...
2026-05-16 11:04:40.440 [info] Getting sessions for read:user,repo,user:email,workflow...
2026-05-16 11:04:40.440 [info] Got 1 sessions for read:user,repo,user:email,workflow...
2026-05-16 11:04:41.147 [info] Getting sessions for all scopes...
2026-05-16 11:04:41.147 [info] Got 1 sessions for ...
2026-05-16 11:04:41.147 [info] Getting sessions for all scopes...
2026-05-16 11:04:41.147 [info] Got 1 sessions for ...
2026-05-16 11:04:41.157 [info] Getting sessions for read:user,repo,user:email,workflow...
2026-05-16 11:04:41.157 [info] Got 1 sessions for read:user,repo,user:email,workflow...
2026-05-16 11:04:41.219 [info] Getting sessions for all scopes...
2026-05-16 11:04:41.219 [info] Got 1 sessions for ...
2026-05-16 11:04:41.222 [info] Getting sessions for all scopes...
2026-05-16 11:04:41.222 [info] Got 1 sessions for ...
2026-05-16 11:04:41.249 [info] Getting sessions for read:user,repo,user:email,workflow...
2026-05-16 11:04:41.249 [info] Got 1 sessions for read:user,repo,user:email,workflow...
2026-05-16 11:04:41.684 [info] Getting sessions for all scopes...
2026-05-16 11:04:41.684 [info] Got 1 sessions for ...
2026-05-16 11:04:41.688 [info] Getting sessions for read:user,repo,user:email,workflow...
2026-05-16 11:04:41.688 [info] Got 1 sessions for read:user,repo,user:email,workflow...
2026-05-16 12:00:41.493 [info] Getting sessions for all scopes...
2026-05-16 12:00:41.496 [info] Got 1 sessions for ...
2026-05-16 12:00:41.512 [info] Getting sessions for read:user,repo,user:email,workflow...
2026-05-16 12:00:41.513 [info] Got 1 sessions for read:user,repo,user:email,workflow...
2026-05-16 12:00:42.543 [info] Getting sessions for all scopes...
2026-05-16 12:00:42.543 [info] Got 1 sessions for ...
2026-05-16 12:00:42.543 [info] Getting sessions for all scopes...
2026-05-16 12:00:42.543 [info] Got 1 sessions for ...
2026-05-16 12:00:42.559 [info] Getting sessions for read:user,repo,user:email,workflow...
2026-05-16 12:00:42.559 [info] Got 1 sessions for read:user,repo,user:email,workflow...
2026-05-16 12:00:42.777 [info] Getting sessions for all scopes...
2026-05-16 12:00:42.778 [info] Got 1 sessions for ...
2026-05-16 12:00:42.788 [info] Getting sessions for all scopes...
2026-05-16 12:00:42.788 [info] Got 1 sessions for ...
2026-05-16 12:00:42.886 [info] Getting sessions for read:user,repo,user:email,workflow...
2026-05-16 12:00:42.886 [info] Got 1 sessions for read:user,repo,user:email,workflow...
2026-05-16 12:00:43.153 [info] Getting sessions for all scopes...
2026-05-16 12:00:43.153 [info] Got 1 sessions for ...
2026-05-16 12:00:43.156 [info] Getting sessions for read:user,repo,user:email,workflow...
2026-05-16 12:00:43.157 [info] Got 1 sessions for read:user,repo,user:email,workflow...
2026-05-16 12:56:42.807 [info] Getting sessions for all scopes...
2026-05-16 12:56:42.811 [info] Got 1 sessions for ...
2026-05-16 12:56:42.817 [info] Getting sessions for read:user,repo,user:email,workflow...
2026-05-16 12:56:42.817 [info] Got 1 sessions for read:user,repo,user:email,workflow...
2026-05-16 12:56:43.554 [info] Getting sessions for all scopes...
2026-05-16 12:56:43.554 [info] Got 1 sessions for ...
2026-05-16 12:56:43.555 [info] Getting sessions for all scopes...
2026-05-16 12:56:43.555 [info] Got 1 sessions for ...
2026-05-16 12:56:43.580 [info] Getting sessions for read:user,repo,user:email,workflow...
2026-05-16 12:56:43.580 [info] Got 1 sessions for read:user,repo,user:email,workflow...
2026-05-16 12:56:43.690 [info] Getting sessions for all scopes...
2026-05-16 12:56:43.690 [info] Got 1 sessions for ...
2026-05-16 12:56:43.733 [info] Getting sessions for all scopes...
2026-05-16 12:56:43.733 [info] Got 1 sessions for ...
2026-05-16 12:56:43.819 [info] Getting sessions for read:user,repo,user:email,workflow...
2026-05-16 12:56:43.819 [info] Got 1 sessions for read:user,repo,user:email,workflow...
2026-05-16 12:56:44.163 [info] Getting sessions for all scopes...
2026-05-16 12:56:44.163 [info] Got 1 sessions for ...
2026-05-16 12:56:44.174 [info] Getting sessions for read:user,repo,user:email,workflow...
2026-05-16 12:56:44.174 [info] Got 1 sessions for read:user,repo,user:email,workflow...
2026-05-16 13:52:43.824 [info] Getting sessions for all scopes...
2026-05-16 13:52:43.832 [info] Got 1 sessions for ...
2026-05-16 13:52:43.863 [info] Getting sessions for read:user,repo,user:email,workflow...
2026-05-16 13:52:43.866 [info] Got 1 sessions for read:user,repo,user:email,workflow...
2026-05-16 13:52:45.247 [info] Getting sessions for all scopes...
2026-05-16 13:52:45.247 [info] Got 1 sessions for ...
2026-05-16 13:52:45.248 [info] Getting sessions for all scopes...
2026-05-16 13:52:45.248 [info] Got 1 sessions for ...
2026-05-16 13:52:45.272 [info] Getting sessions for read:user,repo,user:email,workflow...
2026-05-16 13:52:45.272 [info] Got 1 sessions for read:user,repo,user:email,workflow...
2026-05-16 13:52:45.562 [info] Getting sessions for all scopes...
2026-05-16 13:52:45.562 [info] Got 1 sessions for ...
2026-05-16 13:52:47.810 [info] Getting sessions for all scopes...
2026-05-16 13:52:47.810 [info] Got 1 sessions for ...
2026-05-16 13:52:50.271 [info] Getting sessions for read:user,repo,user:email,workflow...
2026-05-16 13:52:50.271 [info] Got 1 sessions for read:user,repo,user:email,workflow...
