2026-05-16 00:54:23.750 [info] Reading sessions from keychain...
2026-05-16 00:54:23.750 [info] Getting sessions for all scopes...
2026-05-16 00:54:23.750 [info] Got 0 sessions for ...
2026-05-16 00:54:23.750 [info] Getting sessions for all scopes...
2026-05-16 00:54:23.750 [info] Got 0 sessions for ...
2026-05-16 00:54:23.878 [info] Getting sessions for all scopes...
2026-05-16 00:54:23.878 [info] Got 0 sessions for ...
2026-05-16 00:54:24.269 [info] Getting sessions for all scopes...
2026-05-16 00:54:24.270 [info] Got 0 sessions for ...
2026-05-16 00:54:27.005 [info] Getting sessions for all scopes...
2026-05-16 00:54:27.005 [info] Got 0 sessions for ...
2026-05-16 00:54:37.621 [info] Getting sessions for all scopes...
2026-05-16 00:54:37.621 [info] Got 0 sessions for ...
2026-05-16 00:54:37.622 [info] Getting sessions for all scopes...
2026-05-16 00:54:37.622 [info] Got 0 sessions for ...
2026-05-16 00:54:37.713 [info] Getting sessions for user:email...
2026-05-16 00:54:37.713 [info] Got 0 sessions for user:email...
2026-05-16 00:54:37.714 [info] Getting sessions for read:user,repo,user:email,workflow...
2026-05-16 00:54:37.714 [info] Got 0 sessions for read:user,repo,user:email,workflow...
2026-05-16 00:54:39.344 [info] Getting sessions for all scopes...
2026-05-16 00:54:39.344 [info] Got 0 sessions for ...
2026-05-16 00:54:39.344 [info] Getting sessions for all scopes...
2026-05-16 00:54:39.344 [info] Got 0 sessions for ...
2026-05-16 00:54:39.346 [info] Getting sessions for all scopes...
2026-05-16 00:54:39.346 [info] Got 0 sessions for ...
2026-05-16 00:54:39.393 [info] Getting sessions for user:email...
2026-05-16 00:54:39.393 [info] Got 0 sessions for user:email...
2026-05-16 00:54:39.393 [info] Getting sessions for read:user,repo,user:email,workflow...
2026-05-16 00:54:39.393 [info] Got 0 sessions for read:user,repo,user:email,workflow...
2026-05-16 00:54:39.443 [info] Getting sessions for all scopes...
2026-05-16 00:54:39.443 [info] Got 0 sessions for ...
2026-05-16 00:54:39.444 [info] Getting sessions for read:user,repo,user:email,workflow...
2026-05-16 00:54:39.444 [info] Got 0 sessions for read:user,repo,user:email,workflow...
2026-05-16 00:54:39.613 [info] Getting sessions for all scopes...
2026-05-16 00:54:39.613 [info] Got 0 sessions for ...
2026-05-16 00:54:39.616 [info] Getting sessions for user:email...
2026-05-16 00:54:39.616 [info] Got 0 sessions for user:email...
2026-05-16 00:54:39.632 [info] Getting sessions for all scopes...
2026-05-16 00:54:39.632 [info] Got 0 sessions for ...
2026-05-16 00:54:39.640 [info] Getting sessions for all scopes...
2026-05-16 00:54:39.640 [info] Got 0 sessions for ...
2026-05-16 00:54:39.643 [info] Getting sessions for all scopes...
2026-05-16 00:54:39.643 [info] Got 0 sessions for ...
2026-05-16 00:54:39.662 [info] Getting sessions for user:email...
2026-05-16 00:54:39.662 [info] Got 0 sessions for user:email...
2026-05-16 00:54:39.662 [info] Getting sessions for read:user,repo,user:email,workflow...
2026-05-16 00:54:39.662 [info] Got 0 sessions for read:user,repo,user:email,workflow...
2026-05-16 00:54:39.774 [info] Getting sessions for all scopes...
2026-05-16 00:54:39.774 [info] Got 0 sessions for ...
2026-05-16 00:54:39.775 [info] Getting sessions for all scopes...
2026-05-16 00:54:39.775 [info] Got 0 sessions for ...
2026-05-16 00:54:46.132 [info] Getting sessions for all scopes...
2026-05-16 00:54:46.133 [info] Got 0 sessions for ...
2026-05-16 00:54:46.389 [info] Logging in with 'any' account...
2026-05-16 00:54:46.389 [info] Logging in for the following scopes: read:user repo user:email workflow
2026-05-16 00:54:46.514 [info] Trying with local server... (read:user repo user:email workflow)
2026-05-16 00:54:52.696 [info] Exchanging code for token...
2026-05-16 00:54:53.189 [info] Token exchange success!
2026-05-16 00:54:53.192 [info] Getting user info...
2026-05-16 00:54:53.697 [info] Got account info!
2026-05-16 00:54:53.698 [info] Storing 1 sessions...
2026-05-16 00:54:53.701 [info] Reading sessions from keychain...
2026-05-16 00:54:53.701 [info] Stored 1 sessions!
2026-05-16 00:54:53.701 [info] Login success!
2026-05-16 00:54:53.701 [info] Getting sessions for user:email...
2026-05-16 00:54:53.703 [info] Got stored sessions!
2026-05-16 00:54:53.704 [info] Got 1 verified sessions.
2026-05-16 00:54:53.704 [info] Got 0 sessions for user:email...
2026-05-16 00:54:53.747 [info] Getting sessions for all scopes...
2026-05-16 00:54:53.747 [info] Got 1 sessions for ...
2026-05-16 00:54:53.750 [info] Getting sessions for read:user,repo,user:email,workflow...
2026-05-16 00:54:53.750 [info] Got 1 sessions for read:user,repo,user:email,workflow...
2026-05-16 00:54:53.755 [info] Getting sessions for all scopes...
2026-05-16 00:54:53.755 [info] Got 1 sessions for ...
2026-05-16 00:54:53.758 [info] Getting sessions for read:user,repo,user:email,workflow...
2026-05-16 00:54:53.758 [info] Got 1 sessions for read:user,repo,user:email,workflow...
2026-05-16 00:54:53.805 [info] Getting sessions for all scopes...
2026-05-16 00:54:53.805 [info] Got 1 sessions for ...
2026-05-16 00:54:53.806 [info] Getting sessions for all scopes...
2026-05-16 00:54:53.806 [info] Got 1 sessions for ...
2026-05-16 00:54:54.407 [info] Getting sessions for all scopes...
2026-05-16 00:54:54.407 [info] Got 1 sessions for ...
2026-05-16 00:54:54.408 [info] Getting sessions for all scopes...
2026-05-16 00:54:54.408 [info] Got 1 sessions for ...
2026-05-16 00:54:54.411 [info] Getting sessions for read:user,repo,user:email,workflow...
2026-05-16 00:54:54.411 [info] Got 1 sessions for read:user,repo,user:email,workflow...
2026-05-16 00:54:54.415 [info] Getting sessions for all scopes...
2026-05-16 00:54:54.415 [info] Got 1 sessions for ...
2026-05-16 00:54:54.418 [info] Getting sessions for read:user,repo,user:email,workflow...
2026-05-16 00:54:54.418 [info] Got 1 sessions for read:user,repo,user:email,workflow...
2026-05-16 00:54:54.632 [info] FetcherService: Node fetch failed with status: 429 Too Many Requests
2026-05-16 00:54:54.632 [info] Unable to resolve optional EDU details. Status: 429 Too Many Requests
2026-05-16 00:54:55.020 [info] Getting sessions for all scopes...
2026-05-16 00:54:55.020 [info] Got 1 sessions for ...
2026-05-16 00:54:55.038 [info] Getting sessions for all scopes...
2026-05-16 00:54:55.038 [info] Got 1 sessions for ...
2026-05-16 00:54:55.088 [info] Getting sessions for read:user,repo,user:email,workflow...
2026-05-16 00:54:55.088 [info] Got 1 sessions for read:user,repo,user:email,workflow...
2026-05-16 00:54:55.340 [info] Getting sessions for all scopes...
2026-05-16 00:54:55.340 [info] Got 1 sessions for ...
2026-05-16 00:54:55.353 [info] Getting sessions for all scopes...
2026-05-16 00:54:55.353 [info] Got 1 sessions for ...
2026-05-16 00:54:55.372 [info] Getting sessions for read:user,repo,user:email,workflow...
2026-05-16 00:54:55.374 [info] Got 1 sessions for read:user,repo,user:email,workflow...
2026-05-16 00:54:55.731 [info] Getting sessions for all scopes...
2026-05-16 00:54:55.731 [info] Got 1 sessions for ...
2026-05-16 00:54:55.733 [info] Getting sessions for read:user,repo,user:email,workflow...
2026-05-16 00:54:55.733 [info] Got 1 sessions for read:user,repo,user:email,workflow...
2026-05-16 00:54:55.898 [info] Getting sessions for all scopes...
2026-05-16 00:54:55.898 [info] Got 1 sessions for ...
2026-05-16 00:54:55.941 [info] Getting sessions for read:user,repo,user:email,workflow...
2026-05-16 00:54:55.941 [info] Got 1 sessions for read:user,repo,user:email,workflow...
2026-05-16 00:55:24.587 [info] Getting sessions for all scopes...
2026-05-16 00:55:24.587 [info] Got 1 sessions for ...
2026-05-16 00:55:24.588 [info] Getting sessions for all scopes...
2026-05-16 00:55:24.588 [info] Got 1 sessions for ...
2026-05-16 01:49:56.142 [info] Getting sessions for all scopes...
2026-05-16 01:49:56.146 [info] Got 1 sessions for ...
2026-05-16 01:49:56.157 [info] Getting sessions for read:user,repo,user:email,workflow...
2026-05-16 01:49:56.157 [info] Got 1 sessions for read:user,repo,user:email,workflow...
2026-05-16 01:49:57.070 [info] Getting sessions for all scopes...
2026-05-16 01:49:57.070 [info] Got 1 sessions for ...
2026-05-16 01:49:57.071 [info] Getting sessions for all scopes...
2026-05-16 01:49:57.071 [info] Got 1 sessions for ...
2026-05-16 01:49:57.080 [info] Getting sessions for read:user,repo,user:email,workflow...
2026-05-16 01:49:57.080 [info] Got 1 sessions for read:user,repo,user:email,workflow...
2026-05-16 01:49:57.130 [info] Getting sessions for all scopes...
2026-05-16 01:49:57.130 [info] Got 1 sessions for ...
2026-05-16 01:49:57.161 [info] Getting sessions for all scopes...
2026-05-16 01:49:57.161 [info] Got 1 sessions for ...
2026-05-16 01:49:57.163 [info] Getting sessions for read:user,repo,user:email,workflow...
2026-05-16 01:49:57.163 [info] Got 1 sessions for read:user,repo,user:email,workflow...
2026-05-16 01:55:24.312 [info] Getting sessions for all scopes...
2026-05-16 01:55:24.317 [info] Got 1 sessions for ...
2026-05-16 01:55:24.319 [info] Getting sessions for all scopes...
2026-05-16 01:55:24.319 [info] Got 1 sessions for ...
2026-05-16 02:44:57.609 [info] Getting sessions for all scopes...
2026-05-16 02:44:57.612 [info] Got 1 sessions for ...
2026-05-16 02:44:57.636 [info] Getting sessions for read:user,repo,user:email,workflow...
2026-05-16 02:44:57.641 [info] Got 1 sessions for read:user,repo,user:email,workflow...
2026-05-16 02:44:58.520 [info] Getting sessions for all scopes...
2026-05-16 02:44:58.520 [info] Got 1 sessions for ...
2026-05-16 02:44:58.520 [info] Getting sessions for all scopes...
2026-05-16 02:44:58.520 [info] Got 1 sessions for ...
2026-05-16 02:44:58.545 [info] Getting sessions for read:user,repo,user:email,workflow...
2026-05-16 02:44:58.545 [info] Got 1 sessions for read:user,repo,user:email,workflow...
2026-05-16 02:44:58.847 [info] Getting sessions for all scopes...
2026-05-16 02:44:58.847 [info] Got 1 sessions for ...
2026-05-16 02:44:59.590 [info] Getting sessions for all scopes...
2026-05-16 02:44:59.590 [info] Got 1 sessions for ...
2026-05-16 02:44:59.946 [info] Getting sessions for read:user,repo,user:email,workflow...
2026-05-16 02:44:59.946 [info] Got 1 sessions for read:user,repo,user:email,workflow...
2026-05-16 02:55:27.307 [info] Getting sessions for all scopes...
2026-05-16 02:55:27.311 [info] Got 1 sessions for ...
2026-05-16 02:55:27.313 [info] Getting sessions for all scopes...
2026-05-16 02:55:27.313 [info] Got 1 sessions for ...
2026-05-16 03:40:58.990 [info] Getting sessions for all scopes...
2026-05-16 03:40:58.992 [info] Got 1 sessions for ...
2026-05-16 03:40:59.004 [info] Getting sessions for read:user,repo,user:email,workflow...
2026-05-16 03:40:59.006 [info] Got 1 sessions for read:user,repo,user:email,workflow...
2026-05-16 03:40:59.616 [info] Getting sessions for all scopes...
2026-05-16 03:40:59.616 [info] Got 1 sessions for ...
2026-05-16 03:40:59.616 [info] Getting sessions for all scopes...
2026-05-16 03:40:59.616 [info] Got 1 sessions for ...
2026-05-16 03:40:59.624 [info] Getting sessions for read:user,repo,user:email,workflow...
2026-05-16 03:40:59.624 [info] Got 1 sessions for read:user,repo,user:email,workflow...
2026-05-16 03:40:59.712 [info] Getting sessions for all scopes...
2026-05-16 03:40:59.712 [info] Got 1 sessions for ...
2026-05-16 03:40:59.746 [info] Getting sessions for all scopes...
2026-05-16 03:40:59.746 [info] Got 1 sessions for ...
2026-05-16 03:40:59.749 [info] Getting sessions for read:user,repo,user:email,workflow...
2026-05-16 03:40:59.749 [info] Got 1 sessions for read:user,repo,user:email,workflow...
2026-05-16 03:55:30.606 [info] Getting sessions for all scopes...
2026-05-16 03:55:30.609 [info] Got 1 sessions for ...
2026-05-16 03:55:30.611 [info] Getting sessions for all scopes...
2026-05-16 03:55:30.611 [info] Got 1 sessions for ...
2026-05-16 04:36:46.431 [info] Getting sessions for all scopes...
2026-05-16 04:36:46.435 [info] Got 1 sessions for ...
2026-05-16 04:36:46.451 [info] Getting sessions for read:user,repo,user:email,workflow...
2026-05-16 04:36:46.453 [info] Got 1 sessions for read:user,repo,user:email,workflow...
2026-05-16 04:36:47.261 [info] Getting sessions for all scopes...
2026-05-16 04:36:47.261 [info] Got 1 sessions for ...
2026-05-16 04:36:47.261 [info] Getting sessions for all scopes...
2026-05-16 04:36:47.261 [info] Got 1 sessions for ...
2026-05-16 04:36:47.276 [info] Getting sessions for read:user,repo,user:email,workflow...
2026-05-16 04:36:47.276 [info] Got 1 sessions for read:user,repo,user:email,workflow...
2026-05-16 04:36:47.465 [info] Getting sessions for all scopes...
2026-05-16 04:36:47.465 [info] Got 1 sessions for ...
2026-05-16 04:36:47.740 [info] Getting sessions for all scopes...
2026-05-16 04:36:47.740 [info] Got 1 sessions for ...
2026-05-16 04:36:47.922 [info] Getting sessions for read:user,repo,user:email,workflow...
2026-05-16 04:36:47.922 [info] Got 1 sessions for read:user,repo,user:email,workflow...
2026-05-16 05:29:20.006 [info] Getting sessions for all scopes...
2026-05-16 05:29:20.009 [info] Got 1 sessions for ...
2026-05-16 05:29:20.012 [info] Getting sessions for all scopes...
2026-05-16 05:29:20.013 [info] Got 1 sessions for ...
2026-05-16 05:31:47.599 [info] Getting sessions for all scopes...
2026-05-16 05:31:47.599 [info] Got 1 sessions for ...
2026-05-16 05:31:47.609 [info] Getting sessions for read:user,repo,user:email,workflow...
2026-05-16 05:31:47.610 [info] Got 1 sessions for read:user,repo,user:email,workflow...
2026-05-16 05:31:48.388 [info] Getting sessions for all scopes...
2026-05-16 05:31:48.388 [info] Got 1 sessions for ...
2026-05-16 05:31:48.389 [info] Getting sessions for all scopes...
2026-05-16 05:31:48.389 [info] Got 1 sessions for ...
2026-05-16 05:31:48.405 [info] Getting sessions for read:user,repo,user:email,workflow...
2026-05-16 05:31:48.405 [info] Got 1 sessions for read:user,repo,user:email,workflow...
2026-05-16 05:31:48.580 [info] Getting sessions for all scopes...
2026-05-16 05:31:48.580 [info] Got 1 sessions for ...
2026-05-16 05:31:48.610 [info] Getting sessions for all scopes...
2026-05-16 05:31:48.610 [info] Got 1 sessions for ...
2026-05-16 05:31:48.617 [info] Getting sessions for read:user,repo,user:email,workflow...
2026-05-16 05:31:48.617 [info] Got 1 sessions for read:user,repo,user:email,workflow...
2026-05-16 06:27:48.725 [info] Getting sessions for all scopes...
2026-05-16 06:27:48.726 [info] Got 1 sessions for ...
2026-05-16 06:27:48.730 [info] Getting sessions for read:user,repo,user:email,workflow...
2026-05-16 06:27:48.730 [info] Got 1 sessions for read:user,repo,user:email,workflow...
2026-05-16 06:27:49.262 [info] Getting sessions for all scopes...
2026-05-16 06:27:49.262 [info] Got 1 sessions for ...
2026-05-16 06:27:49.263 [info] Getting sessions for all scopes...
2026-05-16 06:27:49.263 [info] Got 1 sessions for ...
2026-05-16 06:27:49.270 [info] Getting sessions for read:user,repo,user:email,workflow...
2026-05-16 06:27:49.270 [info] Got 1 sessions for read:user,repo,user:email,workflow...
2026-05-16 06:27:49.319 [info] Getting sessions for all scopes...
2026-05-16 06:27:49.320 [info] Got 1 sessions for ...
2026-05-16 06:27:49.323 [info] Getting sessions for all scopes...
2026-05-16 06:27:49.323 [info] Got 1 sessions for ...
2026-05-16 06:27:49.330 [info] Getting sessions for read:user,repo,user:email,workflow...
2026-05-16 06:27:49.330 [info] Got 1 sessions for read:user,repo,user:email,workflow...
2026-05-16 06:29:23.247 [info] Getting sessions for all scopes...
2026-05-16 06:29:23.248 [info] Got 1 sessions for ...
2026-05-16 06:29:23.249 [info] Getting sessions for all scopes...
2026-05-16 06:29:23.249 [info] Got 1 sessions for ...
2026-05-16 07:22:49.538 [info] Getting sessions for all scopes...
2026-05-16 07:22:49.540 [info] Got 1 sessions for ...
2026-05-16 07:22:49.549 [info] Getting sessions for read:user,repo,user:email,workflow...
2026-05-16 07:22:49.549 [info] Got 1 sessions for read:user,repo,user:email,workflow...
2026-05-16 07:22:50.089 [info] Getting sessions for all scopes...
2026-05-16 07:22:50.089 [info] Got 1 sessions for ...
2026-05-16 07:22:50.089 [info] Getting sessions for all scopes...
2026-05-16 07:22:50.089 [info] Got 1 sessions for ...
2026-05-16 07:22:50.095 [info] Getting sessions for read:user,repo,user:email,workflow...
2026-05-16 07:22:50.095 [info] Got 1 sessions for read:user,repo,user:email,workflow...
2026-05-16 07:22:50.177 [info] Getting sessions for all scopes...
2026-05-16 07:22:50.177 [info] Got 1 sessions for ...
2026-05-16 07:22:50.291 [info] Getting sessions for all scopes...
2026-05-16 07:22:50.291 [info] Got 1 sessions for ...
2026-05-16 07:22:50.365 [info] Getting sessions for read:user,repo,user:email,workflow...
2026-05-16 07:22:50.365 [info] Got 1 sessions for read:user,repo,user:email,workflow...
2026-05-16 07:29:26.100 [info] Getting sessions for all scopes...
2026-05-16 07:29:26.104 [info] Got 1 sessions for ...
2026-05-16 07:29:26.106 [info] Getting sessions for all scopes...
2026-05-16 07:29:26.106 [info] Got 1 sessions for ...
2026-05-16 08:17:50.308 [info] Getting sessions for all scopes...
2026-05-16 08:17:50.309 [info] Got 1 sessions for ...
2026-05-16 08:17:50.320 [info] Getting sessions for read:user,repo,user:email,workflow...
2026-05-16 08:17:50.321 [info] Got 1 sessions for read:user,repo,user:email,workflow...
2026-05-16 08:17:51.068 [info] Getting sessions for all scopes...
2026-05-16 08:17:51.068 [info] Got 1 sessions for ...
2026-05-16 08:17:51.073 [info] Getting sessions for all scopes...
2026-05-16 08:17:51.073 [info] Got 1 sessions for ...
2026-05-16 08:17:51.080 [info] Getting sessions for read:user,repo,user:email,workflow...
2026-05-16 08:17:51.080 [info] Got 1 sessions for read:user,repo,user:email,workflow...
2026-05-16 08:17:51.185 [info] Getting sessions for all scopes...
2026-05-16 08:17:51.185 [info] Got 1 sessions for ...
2026-05-16 08:17:51.219 [info] Getting sessions for all scopes...
2026-05-16 08:17:51.219 [info] Got 1 sessions for ...
2026-05-16 08:17:51.428 [info] Getting sessions for read:user,repo,user:email,workflow...
2026-05-16 08:17:51.429 [info] Got 1 sessions for read:user,repo,user:email,workflow...
2026-05-16 08:29:30.252 [info] Getting sessions for all scopes...
2026-05-16 08:29:30.254 [info] Got 1 sessions for ...
2026-05-16 08:29:30.259 [info] Getting sessions for all scopes...
2026-05-16 08:29:30.259 [info] Got 1 sessions for ...
2026-05-16 09:13:51.235 [info] Getting sessions for all scopes...
2026-05-16 09:13:51.239 [info] Got 1 sessions for ...
2026-05-16 09:13:51.269 [info] Getting sessions for read:user,repo,user:email,workflow...
2026-05-16 09:13:51.271 [info] Got 1 sessions for read:user,repo,user:email,workflow...
2026-05-16 09:13:52.196 [info] Getting sessions for all scopes...
2026-05-16 09:13:52.197 [info] Got 1 sessions for ...
2026-05-16 09:13:52.197 [info] Getting sessions for all scopes...
2026-05-16 09:13:52.197 [info] Got 1 sessions for ...
2026-05-16 09:13:52.216 [info] Getting sessions for read:user,repo,user:email,workflow...
2026-05-16 09:13:52.216 [info] Got 1 sessions for read:user,repo,user:email,workflow...
2026-05-16 09:13:52.510 [info] Getting sessions for all scopes...
2026-05-16 09:13:52.510 [info] Got 1 sessions for ...
2026-05-16 09:13:52.973 [info] Getting sessions for all scopes...
2026-05-16 09:13:52.973 [info] Got 1 sessions for ...
2026-05-16 09:13:53.249 [info] Getting sessions for read:user,repo,user:email,workflow...
2026-05-16 09:13:53.250 [info] Got 1 sessions for read:user,repo,user:email,workflow...
2026-05-16 09:29:33.379 [info] Getting sessions for all scopes...
2026-05-16 09:29:33.381 [info] Got 1 sessions for ...
2026-05-16 09:29:33.384 [info] Getting sessions for all scopes...
2026-05-16 09:29:33.386 [info] Got 1 sessions for ...
2026-05-16 10:08:52.526 [info] Getting sessions for all scopes...
2026-05-16 10:08:52.535 [info] Got 1 sessions for ...
2026-05-16 10:08:52.583 [info] Getting sessions for read:user,repo,user:email,workflow...
2026-05-16 10:08:52.593 [info] Got 1 sessions for read:user,repo,user:email,workflow...
2026-05-16 10:08:54.007 [info] Getting sessions for all scopes...
2026-05-16 10:08:54.007 [info] Got 1 sessions for ...
2026-05-16 10:08:54.009 [info] Getting sessions for all scopes...
2026-05-16 10:08:54.009 [info] Got 1 sessions for ...
2026-05-16 10:08:54.069 [info] Getting sessions for read:user,repo,user:email,workflow...
2026-05-16 10:08:54.070 [info] Got 1 sessions for read:user,repo,user:email,workflow...
2026-05-16 10:08:54.650 [info] Getting sessions for all scopes...
2026-05-16 10:08:54.650 [info] Got 1 sessions for ...
2026-05-16 10:08:56.151 [info] Getting sessions for all scopes...
2026-05-16 10:08:56.151 [info] Got 1 sessions for ...
2026-05-16 10:08:57.015 [info] Getting sessions for read:user,repo,user:email,workflow...
2026-05-16 10:08:57.016 [info] Got 1 sessions for read:user,repo,user:email,workflow...
2026-05-16 10:29:36.776 [info] Getting sessions for all scopes...
2026-05-16 10:29:36.779 [info] Got 1 sessions for ...
2026-05-16 10:29:36.783 [info] Getting sessions for all scopes...
2026-05-16 10:29:36.783 [info] Got 1 sessions for ...
2026-05-16 11:04:54.215 [info] Getting sessions for all scopes...
2026-05-16 11:04:54.218 [info] Got 1 sessions for ...
2026-05-16 11:04:54.221 [info] Getting sessions for read:user,repo,user:email,workflow...
2026-05-16 11:04:54.222 [info] Got 1 sessions for read:user,repo,user:email,workflow...
2026-05-16 11:04:54.742 [info] Getting sessions for all scopes...
2026-05-16 11:04:54.742 [info] Got 1 sessions for ...
2026-05-16 11:04:54.742 [info] Getting sessions for all scopes...
2026-05-16 11:04:54.743 [info] Got 1 sessions for ...
2026-05-16 11:04:54.752 [info] Getting sessions for read:user,repo,user:email,workflow...
2026-05-16 11:04:54.752 [info] Got 1 sessions for read:user,repo,user:email,workflow...
2026-05-16 11:04:54.789 [info] Getting sessions for all scopes...
2026-05-16 11:04:54.789 [info] Got 1 sessions for ...
2026-05-16 11:04:54.815 [info] Getting sessions for all scopes...
2026-05-16 11:04:54.815 [info] Got 1 sessions for ...
2026-05-16 11:04:54.824 [info] Getting sessions for read:user,repo,user:email,workflow...
2026-05-16 11:04:54.824 [info] Got 1 sessions for read:user,repo,user:email,workflow...
2026-05-16 11:29:40.401 [info] Getting sessions for all scopes...
2026-05-16 11:29:40.406 [info] Got 1 sessions for ...
2026-05-16 11:29:40.415 [info] Getting sessions for all scopes...
2026-05-16 11:29:40.415 [info] Got 1 sessions for ...
2026-05-16 12:00:54.899 [info] Getting sessions for all scopes...
2026-05-16 12:00:54.900 [info] Got 1 sessions for ...
2026-05-16 12:00:54.913 [info] Getting sessions for read:user,repo,user:email,workflow...
2026-05-16 12:00:54.916 [info] Got 1 sessions for read:user,repo,user:email,workflow...
2026-05-16 12:00:55.827 [info] Getting sessions for all scopes...
2026-05-16 12:00:55.827 [info] Got 1 sessions for ...
2026-05-16 12:00:55.828 [info] Getting sessions for all scopes...
2026-05-16 12:00:55.828 [info] Got 1 sessions for ...
2026-05-16 12:00:55.846 [info] Getting sessions for read:user,repo,user:email,workflow...
2026-05-16 12:00:55.846 [info] Got 1 sessions for read:user,repo,user:email,workflow...
2026-05-16 12:00:56.074 [info] Getting sessions for all scopes...
2026-05-16 12:00:56.074 [info] Got 1 sessions for ...
2026-05-16 12:00:56.184 [info] Getting sessions for all scopes...
2026-05-16 12:00:56.184 [info] Got 1 sessions for ...
2026-05-16 12:00:56.332 [info] Getting sessions for read:user,repo,user:email,workflow...
2026-05-16 12:00:56.332 [info] Got 1 sessions for read:user,repo,user:email,workflow...
2026-05-16 12:29:44.055 [info] Getting sessions for all scopes...
2026-05-16 12:29:44.058 [info] Got 1 sessions for ...
2026-05-16 12:29:44.060 [info] Getting sessions for all scopes...
2026-05-16 12:29:44.060 [info] Got 1 sessions for ...
2026-05-16 12:56:55.895 [info] Getting sessions for all scopes...
2026-05-16 12:56:55.897 [info] Got 1 sessions for ...
2026-05-16 12:56:55.905 [info] Getting sessions for read:user,repo,user:email,workflow...
2026-05-16 12:56:55.905 [info] Got 1 sessions for read:user,repo,user:email,workflow...
2026-05-16 12:56:56.430 [info] Getting sessions for all scopes...
2026-05-16 12:56:56.430 [info] Got 1 sessions for ...
2026-05-16 12:56:56.431 [info] Getting sessions for all scopes...
2026-05-16 12:56:56.431 [info] Got 1 sessions for ...
2026-05-16 12:56:56.441 [info] Getting sessions for read:user,repo,user:email,workflow...
2026-05-16 12:56:56.441 [info] Got 1 sessions for read:user,repo,user:email,workflow...
2026-05-16 12:56:56.537 [info] Getting sessions for all scopes...
2026-05-16 12:56:56.537 [info] Got 1 sessions for ...
2026-05-16 12:56:56.571 [info] Getting sessions for all scopes...
2026-05-16 12:56:56.571 [info] Got 1 sessions for ...
2026-05-16 12:56:56.577 [info] Getting sessions for read:user,repo,user:email,workflow...
2026-05-16 12:56:56.577 [info] Got 1 sessions for read:user,repo,user:email,workflow...
2026-05-16 13:29:47.269 [info] Getting sessions for all scopes...
2026-05-16 13:29:47.272 [info] Got 1 sessions for ...
2026-05-16 13:29:47.274 [info] Getting sessions for all scopes...
2026-05-16 13:29:47.274 [info] Got 1 sessions for ...
2026-05-16 13:52:07.941 [info] Getting sessions for all scopes...
2026-05-16 13:52:07.982 [info] Got 1 sessions for ...
2026-05-16 13:52:08.072 [info] Getting sessions for read:user,repo,user:email,workflow...
2026-05-16 13:52:08.077 [info] Got 1 sessions for read:user,repo,user:email,workflow...
2026-05-16 13:52:09.451 [info] Getting sessions for all scopes...
2026-05-16 13:52:09.451 [info] Got 1 sessions for ...
2026-05-16 13:52:09.451 [info] Getting sessions for all scopes...
2026-05-16 13:52:09.451 [info] Got 1 sessions for ...
2026-05-16 13:52:09.471 [info] Getting sessions for read:user,repo,user:email,workflow...
2026-05-16 13:52:09.471 [info] Got 1 sessions for read:user,repo,user:email,workflow...
2026-05-16 13:52:09.754 [info] Getting sessions for all scopes...
2026-05-16 13:52:09.754 [info] Got 1 sessions for ...
2026-05-16 13:52:10.423 [info] Getting sessions for all scopes...
2026-05-16 13:52:10.424 [info] Got 1 sessions for ...
2026-05-16 13:52:10.788 [info] Getting sessions for read:user,repo,user:email,workflow...
2026-05-16 13:52:10.788 [info] Got 1 sessions for read:user,repo,user:email,workflow...
