2026-05-16 00:53:09.322 [info] [main] Log level: Info
2026-05-16 00:53:09.322 [info] [main] Validating found git in: "git"
2026-05-16 00:53:09.322 [info] [main] Using git "2.53.0" from "git"
2026-05-16 00:53:09.322 [info] [Model][doInitialScan] Initial repository scan started
2026-05-16 00:53:09.332 [info] > git rev-parse --show-toplevel [40ms]
2026-05-16 00:53:09.332 [info] fatal: not a git repository (or any parent up to mount point /mnt)
Stopping at filesystem boundary (GIT_DISCOVERY_ACROSS_FILESYSTEM not set).
2026-05-16 00:53:09.422 [info] > git rev-parse --show-toplevel [52ms]
2026-05-16 00:53:09.422 [info] fatal: not a git repository (or any parent up to mount point /mnt)
Stopping at filesystem boundary (GIT_DISCOVERY_ACROSS_FILESYSTEM not set).
2026-05-16 00:53:09.426 [info] [Model][doInitialScan] Initial repository scan completed - repositories (0), closed repositories (0), parent repositories (0), unsafe repositories (0)
2026-05-16 00:53:10.031 [info] > git rev-parse --show-toplevel [13ms]
2026-05-16 00:53:10.031 [info] fatal: not a git repository (or any parent up to mount point /mnt)
Stopping at filesystem boundary (GIT_DISCOVERY_ACROSS_FILESYSTEM not set).
2026-05-16 00:53:10.277 [info] > git rev-parse --show-toplevel [10ms]
2026-05-16 00:53:10.277 [info] fatal: not a git repository (or any parent up to mount point /mnt)
Stopping at filesystem boundary (GIT_DISCOVERY_ACROSS_FILESYSTEM not set).
2026-05-16 00:53:10.497 [info] > git rev-parse --show-toplevel [6ms]
2026-05-16 00:53:10.497 [info] fatal: not a git repository (or any parent up to mount point /mnt)
Stopping at filesystem boundary (GIT_DISCOVERY_ACROSS_FILESYSTEM not set).
2026-05-16 00:53:34.683 [info] > git rev-parse --show-toplevel [21ms]
2026-05-16 00:53:34.683 [info] fatal: not a git repository (or any parent up to mount point /mnt)
Stopping at filesystem boundary (GIT_DISCOVERY_ACROSS_FILESYSTEM not set).
2026-05-16 00:53:34.913 [info] > git rev-parse --show-toplevel [37ms]
2026-05-16 00:53:34.913 [info] fatal: not a git repository (or any parent up to mount point /mnt)
Stopping at filesystem boundary (GIT_DISCOVERY_ACROSS_FILESYSTEM not set).
2026-05-16 00:53:38.989 [info] > git rev-parse --show-toplevel [98ms]
2026-05-16 00:53:38.989 [info] fatal: not a git repository (or any parent up to mount point /mnt)
Stopping at filesystem boundary (GIT_DISCOVERY_ACROSS_FILESYSTEM not set).
2026-05-16 00:53:41.075 [info] > git rev-parse --show-toplevel [25ms]
2026-05-16 00:53:41.075 [info] fatal: not a git repository (or any parent up to mount point /mnt)
Stopping at filesystem boundary (GIT_DISCOVERY_ACROSS_FILESYSTEM not set).
2026-05-16 00:54:19.979 [info] > git rev-parse --show-toplevel [21ms]
2026-05-16 00:54:19.979 [info] fatal: not a git repository (or any parent up to mount point /mnt)
Stopping at filesystem boundary (GIT_DISCOVERY_ACROSS_FILESYSTEM not set).
