0 verbose cli /usr/bin/node /usr/bin/npm
1 info using npm@9.2.0
2 info using node@v22.22.1
3 timing npm:load:whichnode Completed in 1ms
4 timing config:load:defaults Completed in 4ms
5 timing config:load:file:/usr/share/nodejs/npm/npmrc Completed in 13ms
6 timing config:load:builtin Completed in 13ms
7 timing config:load:cli Completed in 4ms
8 timing config:load:env Completed in 0ms
9 timing config:load:project Completed in 5ms
10 timing config:load:file:/home/neeraj_parashar/.npmrc Completed in 0ms
11 timing config:load:user Completed in 1ms
12 timing config:load:file:/etc/npmrc Completed in 0ms
13 timing config:load:global Completed in 0ms
14 timing config:load:setEnvs Completed in 2ms
15 timing config:load Completed in 31ms
16 timing npm:load:configload Completed in 31ms
17 timing npm:load:mkdirpcache Completed in 1ms
18 timing npm:load:mkdirplogs Completed in 1ms
19 verbose title npm
20 verbose argv "--version"
21 timing npm:load:setTitle Completed in 1ms
22 timing config:load:flatten Completed in 6ms
23 timing npm:load:display Completed in 7ms
24 verbose logfile logs-max:10 dir:/home/neeraj_parashar/.npm/_logs/2026-05-16T00_19_45_758Z-
25 verbose logfile /home/neeraj_parashar/.npm/_logs/2026-05-16T00_19_45_758Z-debug-0.log
26 timing npm:load:logFile Completed in 17ms
27 timing npm:load:timers Completed in 0ms
28 timing npm:load:configScope Completed in 0ms
29 timing npm:load Completed in 59ms
30 verbose exit 0
31 timing npm Completed in 72ms
32 info ok
