0 verbose cli /home/neeraj_parashar/.nvm/versions/node/v24.15.0/bin/node /home/neeraj_parashar/.nvm/versions/node/v24.15.0/bin/npm
1 info using npm@11.12.1
2 info using node@v24.15.0
3 silly config load:file:/home/neeraj_parashar/.nvm/versions/node/v24.15.0/lib/node_modules/npm/npmrc
4 silly config load:file:/home/neeraj_parashar/.npmrc
5 silly config load:file:/home/neeraj_parashar/.nvm/versions/node/v24.15.0/etc/npmrc
6 verbose title npm init
7 verbose argv "init" "--yes"
8 verbose logfile logs-max:10 dir:/home/neeraj_parashar/.npm/_logs/2026-05-16T22_57_59_938Z-
9 verbose logfile /home/neeraj_parashar/.npm/_logs/2026-05-16T22_57_59_938Z-debug-0.log
10 silly logfile done cleaning log files
11 silly package data {
11 silly package data   name: 'neeraj_parashar',
11 silly package data   version: '1.0.0',
11 silly package data   description: '',
11 silly package data   main: 'index.js',
11 silly package data   scripts: { test: 'echo "Error: no test specified" && exit 1' },
11 silly package data   keywords: [],
11 silly package data   author: '',
11 silly package data   license: 'ISC',
11 silly package data   type: 'commonjs'
11 silly package data }
12 verbose cwd /home/neeraj_parashar
13 verbose os Linux 6.6.114.1-microsoft-standard-WSL2
14 verbose node v24.15.0
15 verbose npm  v11.12.1
16 verbose exit 0
17 info ok
