0 verbose cli /home/neeraj_parashar/.nvm/versions/node/v24.15.0/bin/node /home/neeraj_parashar/.nvm/versions/node/v24.15.0/bin/npm
1 info using npm@11.12.1
2 info using node@v24.15.0
3 silly config load:file:/home/neeraj_parashar/.nvm/versions/node/v24.15.0/lib/node_modules/npm/npmrc
4 silly config load:file:/home/neeraj_parashar/myapp/.npmrc
5 silly config load:file:/home/neeraj_parashar/.npmrc
6 silly config load:file:/home/neeraj_parashar/.nvm/versions/node/v24.15.0/etc/npmrc
7 verbose title npm init
8 verbose argv "init" "--yes"
9 verbose logfile logs-max:10 dir:/home/neeraj_parashar/.npm/_logs/2026-05-16T22_47_17_645Z-
10 verbose logfile /home/neeraj_parashar/.npm/_logs/2026-05-16T22_47_17_645Z-debug-0.log
11 silly logfile done cleaning log files
12 silly package data {
12 silly package data   name: 'myapp',
12 silly package data   version: '1.0.0',
12 silly package data   description: '',
12 silly package data   main: 'index.js',
12 silly package data   scripts: { test: 'echo "Error: no test specified" && exit 1' },
12 silly package data   keywords: [],
12 silly package data   author: '',
12 silly package data   license: 'ISC',
12 silly package data   type: 'commonjs'
12 silly package data }
13 verbose cwd /home/neeraj_parashar/myapp
14 verbose os Linux 6.6.114.1-microsoft-standard-WSL2
15 verbose node v24.15.0
16 verbose npm  v11.12.1
17 verbose exit 0
18 info ok
