2026-05-16 00:02:39.268 [info] Reading sessions from keychain...
2026-05-16 00:02:39.268 [info] Getting sessions for all scopes...
2026-05-16 00:02:39.274 [info] Got 0 sessions for ...
2026-05-16 00:02:39.274 [info] Getting sessions for all scopes...
2026-05-16 00:02:39.274 [info] Got 0 sessions for ...
2026-05-16 00:02:39.274 [info] Getting sessions for all scopes...
2026-05-16 00:02:39.274 [info] Got 0 sessions for ...
2026-05-16 00:02:39.335 [info] Getting sessions for all scopes...
2026-05-16 00:02:39.335 [info] Got 0 sessions for ...
2026-05-16 00:02:39.427 [info] Getting sessions for all scopes...
2026-05-16 00:02:39.427 [info] Got 0 sessions for ...
2026-05-16 00:02:42.327 [info] Getting sessions for all scopes...
2026-05-16 00:02:42.327 [info] Got 0 sessions for ...
2026-05-16 00:02:44.053 [info] Logging in with 'any' account...
2026-05-16 00:02:44.053 [info] Logging in for the following scopes: read:user repo user:email workflow
2026-05-16 00:02:44.261 [info] Trying with local server... (read:user repo user:email workflow)
2026-05-16 00:03:24.712 [info] Exchanging code for token...
2026-05-16 00:03:25.171 [info] Token exchange success!
2026-05-16 00:03:25.182 [info] Getting user info...
2026-05-16 00:03:25.754 [info] Got account info!
2026-05-16 00:03:25.755 [info] Storing 1 sessions...
2026-05-16 00:03:26.578 [info] FetcherService: Node fetch failed with status: 429 Too Many Requests
2026-05-16 00:03:26.578 [info] Unable to resolve optional EDU details. Status: 429 Too Many Requests
2026-05-16 00:11:09.522 [info] Reading sessions from keychain...
2026-05-16 00:11:09.529 [info] Stored 1 sessions!
2026-05-16 00:11:09.530 [info] Login success!
2026-05-16 00:11:09.531 [info] Got stored sessions!
2026-05-16 00:11:09.533 [info] Got 1 verified sessions.
2026-05-16 00:11:09.536 [info] Logging in with 'any' account...
2026-05-16 00:11:09.536 [info] Logging in for the following scopes: read:user repo user:email workflow
2026-05-16 00:11:09.555 [info] Trying with local server... (read:user repo user:email workflow)
2026-05-16 00:11:17.180 [info] Exchanging code for token...
2026-05-16 00:11:17.677 [info] Token exchange success!
2026-05-16 00:11:17.684 [info] Getting user info...
2026-05-16 00:11:18.217 [info] Got account info!
2026-05-16 00:11:18.219 [info] Storing 1 sessions...
2026-05-16 00:11:18.222 [info] Reading sessions from keychain...
2026-05-16 00:11:18.222 [info] Stored 1 sessions!
2026-05-16 00:11:18.222 [info] Login success!
2026-05-16 00:11:18.223 [info] Got stored sessions!
2026-05-16 00:11:18.223 [info] Got 1 verified sessions.
2026-05-16 00:11:18.224 [info] Logging in with 'any' account...
2026-05-16 00:11:18.224 [info] Logging in for the following scopes: read:user repo user:email workflow
2026-05-16 00:11:18.227 [info] Trying with local server... (read:user repo user:email workflow)
2026-05-16 00:11:29.599 [info] Exchanging code for token...
2026-05-16 00:11:30.158 [info] Token exchange success!
2026-05-16 00:11:30.166 [info] Getting user info...
2026-05-16 00:11:30.680 [info] Got account info!
2026-05-16 00:11:30.681 [info] Storing 1 sessions...
2026-05-16 00:11:30.683 [info] Reading sessions from keychain...
2026-05-16 00:11:30.683 [info] Stored 1 sessions!
2026-05-16 00:11:30.683 [info] Login success!
2026-05-16 00:11:30.686 [info] Got stored sessions!
2026-05-16 00:11:30.686 [info] Got 1 verified sessions.
2026-05-16 00:11:30.686 [info] Logging in with 'any' account...
2026-05-16 00:11:30.686 [info] Logging in for the following scopes: read:user repo user:email workflow
2026-05-16 00:11:30.689 [info] Trying with local server... (read:user repo user:email workflow)
2026-05-16 00:16:30.703 [error] Timed out
2026-05-16 00:28:56.656 [info] Trying without local server... (read:user repo user:email workflow)
2026-05-16 00:33:56.685 [error] Timed out
